{"/Users/Lapso/Documents/FreshNest/frontend/react/frontend/src/App.js": {"path":"/Users/Lapso/Documents/FreshNest/frontend/react/frontend/src/App.js","statementMap":{"0":{"start":{"line":8,"column":4},"end":{"line":15,"column":6}}},"fnMap":{"0":{"name":"App","decl":{"start":{"line":7,"column":9},"end":{"line":7,"column":12}},"loc":{"start":{"line":7,"column":15},"end":{"line":16,"column":1}},"line":7}},"branchMap":{},"s":{"0":0},"f":{"0":0},"b":{}}
,"/Users/Lapso/Documents/FreshNest/frontend/react/frontend/src/index.js": {"path":"/Users/Lapso/Documents/FreshNest/frontend/react/frontend/src/index.js","statementMap":{"0":{"start":{"line":6,"column":13},"end":{"line":6,"column":65}},"1":{"start":{"line":7,"column":0},"end":{"line":7,"column":20}}},"fnMap":{},"branchMap":{},"s":{"0":0,"1":0},"f":{},"b":{}}
,"/Users/Lapso/Documents/FreshNest/frontend/react/frontend/src/reportWebVitals.js": {"path":"/Users/Lapso/Documents/FreshNest/frontend/react/frontend/src/reportWebVitals.js","statementMap":{"0":{"start":{"line":1,"column":24},"end":{"line":11,"column":1}},"1":{"start":{"line":2,"column":2},"end":{"line":10,"column":3}},"2":{"start":{"line":3,"column":4},"end":{"line":9,"column":7}},"3":{"start":{"line":4,"column":6},"end":{"line":4,"column":26}},"4":{"start":{"line":5,"column":6},"end":{"line":5,"column":26}},"5":{"start":{"line":6,"column":6},"end":{"line":6,"column":26}},"6":{"start":{"line":7,"column":6},"end":{"line":7,"column":26}},"7":{"start":{"line":8,"column":6},"end":{"line":8,"column":27}}},"fnMap":{"0":{"name":"(anonymous_0)","decl":{"start":{"line":1,"column":24},"end":{"line":1,"column":25}},"loc":{"start":{"line":1,"column":39},"end":{"line":11,"column":1}},"line":1},"1":{"name":"(anonymous_1)","decl":{"start":{"line":3,"column":30},"end":{"line":3,"column":31}},"loc":{"start":{"line":3,"column":79},"end":{"line":9,"column":5}},"line":3}},"branchMap":{"0":{"loc":{"start":{"line":2,"column":2},"end":{"line":10,"column":3}},"type":"if","locations":[{"start":{"line":2,"column":2},"end":{"line":10,"column":3}},{"start":{},"end":{}}],"line":2},"1":{"loc":{"start":{"line":2,"column":6},"end":{"line":2,"column":52}},"type":"binary-expr","locations":[{"start":{"line":2,"column":6},"end":{"line":2,"column":17}},{"start":{"line":2,"column":21},"end":{"line":2,"column":52}}],"line":2}},"s":{"0":0,"1":0,"2":0,"3":0,"4":0,"5":0,"6":0,"7":0},"f":{"0":0,"1":0},"b":{"0":[0,0],"1":[0,0]}}
,"/Users/Lapso/Documents/FreshNest/frontend/react/frontend/src/components/login/Profile.jsx": {"path":"/Users/Lapso/Documents/FreshNest/frontend/react/frontend/src/components/login/Profile.jsx","statementMap":{"0":{"start":{"line":5,"column":8},"end":{"line":5,"column":21}},"1":{"start":{"line":7,"column":8},"end":{"line":14,"column":10}},"2":{"start":{"line":16,"column":24},"end":{"line":20,"column":5}},"3":{"start":{"line":17,"column":8},"end":{"line":19,"column":11}},"4":{"start":{"line":21,"column":21},"end":{"line":53,"column":5}},"5":{"start":{"line":22,"column":22},"end":{"line":22,"column":26}},"6":{"start":{"line":24,"column":8},"end":{"line":29,"column":9}},"7":{"start":{"line":25,"column":12},"end":{"line":25,"column":28}},"8":{"start":{"line":26,"column":12},"end":{"line":26,"column":66}},"9":{"start":{"line":28,"column":12},"end":{"line":28,"column":45}},"10":{"start":{"line":31,"column":27},"end":{"line":31,"column":55}},"11":{"start":{"line":32,"column":8},"end":{"line":40,"column":9}},"12":{"start":{"line":33,"column":12},"end":{"line":33,"column":28}},"13":{"start":{"line":34,"column":12},"end":{"line":34,"column":68}},"14":{"start":{"line":35,"column":15},"end":{"line":40,"column":9}},"15":{"start":{"line":36,"column":12},"end":{"line":36,"column":28}},"16":{"start":{"line":37,"column":12},"end":{"line":37,"column":75}},"17":{"start":{"line":39,"column":12},"end":{"line":39,"column":46}},"18":{"start":{"line":42,"column":27},"end":{"line":42,"column":37}},"19":{"start":{"line":43,"column":8},"end":{"line":51,"column":9}},"20":{"start":{"line":44,"column":12},"end":{"line":44,"column":28}},"21":{"start":{"line":45,"column":12},"end":{"line":45,"column":68}},"22":{"start":{"line":46,"column":15},"end":{"line":51,"column":9}},"23":{"start":{"line":47,"column":12},"end":{"line":47,"column":28}},"24":{"start":{"line":48,"column":12},"end":{"line":48,"column":75}},"25":{"start":{"line":50,"column":12},"end":{"line":50,"column":46}},"26":{"start":{"line":52,"column":8},"end":{"line":52,"column":23}},"27":{"start":{"line":54,"column":19},"end":{"line":64,"column":5}},"28":{"start":{"line":55,"column":8},"end":{"line":55,"column":31}},"29":{"start":{"line":57,"column":8},"end":{"line":63,"column":9}},"30":{"start":{"line":59,"column":12},"end":{"line":59,"column":56}},"31":{"start":{"line":62,"column":12},"end":{"line":62,"column":51}},"32":{"start":{"line":66,"column":8},"end":{"line":113,"column":10}}},"fnMap":{"0":{"name":"(anonymous_0)","decl":{"start":{"line":4,"column":4},"end":{"line":4,"column":5}},"loc":{"start":{"line":4,"column":23},"end":{"line":15,"column":5}},"line":4},"1":{"name":"(anonymous_1)","decl":{"start":{"line":16,"column":24},"end":{"line":16,"column":25}},"loc":{"start":{"line":16,"column":35},"end":{"line":20,"column":5}},"line":16},"2":{"name":"(anonymous_2)","decl":{"start":{"line":21,"column":21},"end":{"line":21,"column":22}},"loc":{"start":{"line":21,"column":27},"end":{"line":53,"column":5}},"line":21},"3":{"name":"(anonymous_3)","decl":{"start":{"line":54,"column":19},"end":{"line":54,"column":20}},"loc":{"start":{"line":54,"column":30},"end":{"line":64,"column":5}},"line":54},"4":{"name":"(anonymous_4)","decl":{"start":{"line":65,"column":4},"end":{"line":65,"column":5}},"loc":{"start":{"line":65,"column":13},"end":{"line":114,"column":5}},"line":65}},"branchMap":{"0":{"loc":{"start":{"line":24,"column":8},"end":{"line":29,"column":9}},"type":"if","locations":[{"start":{"line":24,"column":8},"end":{"line":29,"column":9}},{"start":{"line":27,"column":15},"end":{"line":29,"column":9}}],"line":24},"1":{"loc":{"start":{"line":32,"column":8},"end":{"line":40,"column":9}},"type":"if","locations":[{"start":{"line":32,"column":8},"end":{"line":40,"column":9}},{"start":{"line":35,"column":15},"end":{"line":40,"column":9}}],"line":32},"2":{"loc":{"start":{"line":35,"column":15},"end":{"line":40,"column":9}},"type":"if","locations":[{"start":{"line":35,"column":15},"end":{"line":40,"column":9}},{"start":{"line":38,"column":15},"end":{"line":40,"column":9}}],"line":35},"3":{"loc":{"start":{"line":43,"column":8},"end":{"line":51,"column":9}},"type":"if","locations":[{"start":{"line":43,"column":8},"end":{"line":51,"column":9}},{"start":{"line":46,"column":15},"end":{"line":51,"column":9}}],"line":43},"4":{"loc":{"start":{"line":46,"column":15},"end":{"line":51,"column":9}},"type":"if","locations":[{"start":{"line":46,"column":15},"end":{"line":51,"column":9}},{"start":{"line":49,"column":15},"end":{"line":51,"column":9}}],"line":46},"5":{"loc":{"start":{"line":57,"column":8},"end":{"line":63,"column":9}},"type":"if","locations":[{"start":{"line":57,"column":8},"end":{"line":63,"column":9}},{"start":{"line":60,"column":15},"end":{"line":63,"column":9}}],"line":57},"6":{"loc":{"start":{"line":79,"column":29},"end":{"line":79,"column":88}},"type":"binary-expr","locations":[{"start":{"line":79,"column":29},"end":{"line":79,"column":49}},{"start":{"line":79,"column":53},"end":{"line":79,"column":88}}],"line":79},"7":{"loc":{"start":{"line":93,"column":29},"end":{"line":93,"column":90}},"type":"binary-expr","locations":[{"start":{"line":93,"column":29},"end":{"line":93,"column":50}},{"start":{"line":93,"column":54},"end":{"line":93,"column":90}}],"line":93},"8":{"loc":{"start":{"line":106,"column":29},"end":{"line":106,"column":90}},"type":"binary-expr","locations":[{"start":{"line":106,"column":29},"end":{"line":106,"column":50}},{"start":{"line":106,"column":54},"end":{"line":106,"column":90}}],"line":106}},"s":{"0":6,"1":6,"2":6,"3":16,"4":6,"5":6,"6":6,"7":1,"8":1,"9":5,"10":6,"11":6,"12":0,"13":0,"14":6,"15":3,"16":3,"17":3,"18":6,"19":6,"20":1,"21":1,"22":5,"23":1,"24":1,"25":4,"26":6,"27":6,"28":6,"29":6,"30":1,"31":5,"32":28},"f":{"0":6,"1":16,"2":6,"3":6,"4":28},"b":{"0":[1,5],"1":[0,6],"2":[3,3],"3":[1,5],"4":[1,4],"5":[1,5],"6":[28,1],"7":[28,3],"8":[28,2]},"_coverageSchema":"1a1c01bbd47fc00a2c39e90264f33305004495a9","hash":"e16842e1ca6a11007a82c8e127bb02b8aa3584b5"}
,"/Users/Lapso/Documents/FreshNest/frontend/react/frontend/src/components/login/ShopItem.jsx": {"path":"/Users/Lapso/Documents/FreshNest/frontend/react/frontend/src/components/login/ShopItem.jsx","statementMap":{"0":{"start":{"line":6,"column":26},"end":{"line":6,"column":36}},"1":{"start":{"line":7,"column":27},"end":{"line":7,"column":51}},"2":{"start":{"line":8,"column":8},"end":{"line":8,"column":37}},"3":{"start":{"line":12,"column":29},"end":{"line":12,"column":39}},"4":{"start":{"line":13,"column":8},"end":{"line":20,"column":9}},"5":{"start":{"line":14,"column":12},"end":{"line":19,"column":14}},"6":{"start":{"line":21,"column":8},"end":{"line":25,"column":10}},"7":{"start":{"line":29,"column":31},"end":{"line":29,"column":55}},"8":{"start":{"line":30,"column":8},"end":{"line":30,"column":55}},"9":{"start":{"line":34,"column":42},"end":{"line":34,"column":52}},"10":{"start":{"line":36,"column":8},"end":{"line":43,"column":10}}},"fnMap":{"0":{"name":"(anonymous_0)","decl":{"start":{"line":5,"column":4},"end":{"line":5,"column":5}},"loc":{"start":{"line":5,"column":34},"end":{"line":9,"column":5}},"line":5},"1":{"name":"(anonymous_1)","decl":{"start":{"line":11,"column":4},"end":{"line":11,"column":5}},"loc":{"start":{"line":11,"column":19},"end":{"line":26,"column":5}},"line":11},"2":{"name":"(anonymous_2)","decl":{"start":{"line":28,"column":4},"end":{"line":28,"column":5}},"loc":{"start":{"line":28,"column":36},"end":{"line":31,"column":5}},"line":28},"3":{"name":"(anonymous_3)","decl":{"start":{"line":33,"column":4},"end":{"line":33,"column":5}},"loc":{"start":{"line":33,"column":13},"end":{"line":44,"column":5}},"line":33}},"branchMap":{"0":{"loc":{"start":{"line":13,"column":8},"end":{"line":20,"column":9}},"type":"if","locations":[{"start":{"line":13,"column":8},"end":{"line":20,"column":9}},{"start":{},"end":{}}],"line":13}},"s":{"0":4,"1":4,"2":4,"3":4,"4":4,"5":3,"6":1,"7":4,"8":4,"9":4,"10":4},"f":{"0":4,"1":4,"2":4,"3":4},"b":{"0":[3,1]},"_coverageSchema":"1a1c01bbd47fc00a2c39e90264f33305004495a9","hash":"4beb0a29626796aedce0205f8b8d16f7c46e5c85"}
}
