TN:
SF:src/App.js
FN:7,App
FNF:1
FNH:0
FNDA:0,App
DA:8,0
LF:1
LH:0
BRF:0
BRH:0
end_of_record
TN:
SF:src/index.js
FNF:0
FNH:0
DA:6,0
DA:7,0
LF:2
LH:0
BRF:0
BRH:0
end_of_record
TN:
SF:src/reportWebVitals.js
FN:1,(anonymous_0)
FN:3,(anonymous_1)
FNF:2
FNH:0
FNDA:0,(anonymous_0)
FNDA:0,(anonymous_1)
DA:1,0
DA:2,0
DA:3,0
DA:4,0
DA:5,0
DA:6,0
DA:7,0
DA:8,0
LF:8
LH:0
BRDA:2,0,0,0
BRDA:2,0,1,0
BRDA:2,1,0,0
BRDA:2,1,1,0
BRF:4
BRH:0
end_of_record
TN:
SF:src/components/login/Profile.jsx
FN:4,(anonymous_0)
FN:16,(anonymous_1)
FN:21,(anonymous_2)
FN:54,(anonymous_3)
FN:65,(anonymous_4)
FNF:5
FNH:5
FNDA:6,(anonymous_0)
FNDA:16,(anonymous_1)
FNDA:6,(anonymous_2)
FNDA:6,(anonymous_3)
FNDA:28,(anonymous_4)
DA:5,6
DA:7,6
DA:16,6
DA:17,16
DA:21,6
DA:22,6
DA:24,6
DA:25,1
DA:26,1
DA:28,5
DA:31,6
DA:32,6
DA:33,0
DA:34,0
DA:35,6
DA:36,3
DA:37,3
DA:39,3
DA:42,6
DA:43,6
DA:44,1
DA:45,1
DA:46,5
DA:47,1
DA:48,1
DA:50,4
DA:52,6
DA:54,6
DA:55,6
DA:57,6
DA:59,1
DA:62,5
DA:66,28
LF:33
LH:31
BRDA:24,0,0,1
BRDA:24,0,1,5
BRDA:32,1,0,0
BRDA:32,1,1,6
BRDA:35,2,0,3
BRDA:35,2,1,3
BRDA:43,3,0,1
BRDA:43,3,1,5
BRDA:46,4,0,1
BRDA:46,4,1,4
BRDA:57,5,0,1
BRDA:57,5,1,5
BRDA:79,6,0,28
BRDA:79,6,1,1
BRDA:93,7,0,28
BRDA:93,7,1,3
BRDA:106,8,0,28
BRDA:106,8,1,2
BRF:18
BRH:17
end_of_record
TN:
SF:src/components/login/ShopItem.jsx
FN:5,(anonymous_0)
FN:11,(anonymous_1)
FN:28,(anonymous_2)
FN:33,(anonymous_3)
FNF:4
FNH:4
FNDA:4,(anonymous_0)
FNDA:4,(anonymous_1)
FNDA:4,(anonymous_2)
FNDA:4,(anonymous_3)
DA:6,4
DA:7,4
DA:8,4
DA:12,4
DA:13,4
DA:14,3
DA:21,1
DA:29,4
DA:30,4
DA:34,4
DA:36,4
LF:11
LH:11
BRDA:13,0,0,3
BRDA:13,0,1,1
BRF:2
BRH:2
end_of_record
